<?xml version="1.0" encoding="UTF-8"?>
<!-- Generated by org.testng.reporters.JUnitReportReporter -->
<testsuite skipped="1" hostname="Devdatt-PC" name="com.inetbanking.testCases.TC_LoginDDT_002" tests="1" failures="0" timestamp="07 Mar 2019 18:41:27 GMT" time="0.000" errors="0">
  <testcase name="loginDDT" time="0.000" classname="com.inetbanking.testCases.TC_LoginDDT_002">
    <skipped/>
  </testcase> <!-- loginDDT -->
</testsuite> <!-- com.inetbanking.testCases.TC_LoginDDT_002 -->
